<?xml version="1.0" encoding="UTF-8"?>
<!-- Generated by org.testng.reporters.JUnitXMLReporter -->
<testsuite ignored="2" hostname="Ahmeds-MacBook-Pro.local" failures="0" tests="1" name="Default test" time="1.603" errors="0" timestamp="2022-02-20T18:23:49 EST">
  <testcase classname="apiTests.PetStoreApi_Tests" name="getPetByID" time="1.576"/>
  <testcase classname="apiTests.PetStoreApi_Tests" name="createAPet" time="0.0">
    <ignored/>
  </testcase> <!-- createAPet -->
  <testcase classname="apiTests.PetStoreApi_Tests" name="justPrintingSomehing" time="0.0">
    <ignored/>
  </testcase> <!-- justPrintingSomehing -->
</testsuite> <!-- Default test -->
