<?xml version="1.0" encoding="UTF-8"?>
<!-- Generated by org.testng.reporters.JUnitXMLReporter -->
<testsuite ignored="0" hostname="Ahmeds-MacBook-Pro.local" failures="0" tests="3" name="API_SmokeTests" time="2.634" errors="0" timestamp="2022-02-20T18:00:22 EST">
  <testcase classname="apiTests.PetStoreApi_Tests" name="createAPet" time="2.238"/>
  <testcase classname="apiTests.PetStoreApi_Tests" name="getPetByID" time="0.187"/>
  <testcase classname="apiTests.PetStoreApi_Tests" name="justPrintingSomehing" time="0.18"/>
</testsuite> <!-- API_SmokeTests -->
